# JRE version: OpenJDK Runtime Environment Homebrew (21.0.8) (build 21.0.8)
# Java VM: OpenJDK 64-Bit Server VM Homebrew (21.0.8, mixed mode, emulated-client, sharing, tiered, compressed oops, compressed class ptrs, g1 gc, bsd-aarch64)
GC Precious Log:
 CardTable entry size: 512
 Card Set container configuration: InlinePtr #cards 3 size 8 Array Of Cards #cards 128 size 272 Howl #buckets 8 coarsen threshold 29491 Howl Bitmap #cards 4096 size 528 coarsen threshold 3686 Card regions per heap region 1 cards per card region 32768
 CPUs: 28 total, 28 available
 Memory: 98304M
 Large Page Support: Disabled
 NUMA Support: Disabled
 Compressed Oops: Enabled (Non-zero disjoint base)
 Heap Region Size: 16M
 Heap Min Capacity: 16M
 Heap Initial Capacity: 1536M
 Heap Max Capacity: 24G
 Pre-touch: Disabled
 Parallel Workers: 20
 Concurrent Workers: 5
 Concurrent Refinement Workers: 20
 Periodic GC: Disabled
Heap:
 garbage-first heap   total 868352K, used 35055K [0x0000007001000000, 0x0000007601000000)
  region size 16384K, 3 young (49152K), 1 survivors (16384K)
 Metaspace       used 38567K, committed 39040K, reserved 1114112K
  class space    used 4989K, committed 5184K, reserved 1048576K
GC Heap History (12 events):
Event: 0.732 GC heap before
{Heap before GC invocations=0 (full 0):
 garbage-first heap   total 1589248K, used 50208K [0x0000007001000000, 0x0000007601000000)
  region size 16384K, 4 young (65536K), 0 survivors (0K)
 Metaspace       used 14358K, committed 14656K, reserved 1114112K
  class space    used 1684K, committed 1792K, reserved 1048576K
}
Event: 0.735 GC heap after
{Heap after GC invocations=1 (full 0):
 garbage-first heap   total 1589248K, used 10288K [0x0000007001000000, 0x0000007601000000)
  region size 16384K, 1 young (16384K), 1 survivors (16384K)
 Metaspace       used 14358K, committed 14656K, reserved 1114112K
  class space    used 1684K, committed 1792K, reserved 1048576K
}
Event: 0.825 GC heap before
{Heap before GC invocations=1 (full 0):
 garbage-first heap   total 1589248K, used 10288K [0x0000007001000000, 0x0000007601000000)
  region size 16384K, 2 young (32768K), 1 survivors (16384K)
 Metaspace       used 16374K, committed 16768K, reserved 1114112K
  class space    used 2048K, committed 2240K, reserved 1048576K
}
Event: 0.828 GC heap after
{Heap after GC invocations=2 (full 0):
 garbage-first heap   total 1589248K, used 11479K [0x0000007001000000, 0x0000007601000000)
  region size 16384K, 1 young (16384K), 1 survivors (16384K)
 Metaspace       used 16374K, committed 16768K, reserved 1114112K
  class space    used 2048K, committed 2240K, reserved 1048576K
}
Event: 1.014 GC heap before
{Heap before GC invocations=3 (full 0):
 garbage-first heap   total 163840K, used 60631K [0x0000007001000000, 0x0000007601000000)
  region size 16384K, 5 young (81920K), 1 survivors (16384K)
 Metaspace       used 27726K, committed 28096K, reserved 1114112K
  class space    used 3407K, committed 3584K, reserved 1048576K
}
Event: 1.016 GC heap after
{Heap after GC invocations=4 (full 0):
 garbage-first heap   total 163840K, used 14469K [0x0000007001000000, 0x0000007601000000)
  region size 16384K, 1 young (16384K), 1 survivors (16384K)
 Metaspace       used 27726K, committed 28096K, reserved 1114112K
  class space    used 3407K, committed 3584K, reserved 1048576K
}
Event: 1.024 GC heap before
{Heap before GC invocations=4 (full 0):
 garbage-first heap   total 163840K, used 14469K [0x0000007001000000, 0x0000007601000000)
  region size 16384K, 2 young (32768K), 1 survivors (16384K)
 Metaspace       used 28089K, committed 28416K, reserved 1114112K
  class space    used 3452K, committed 3584K, reserved 1048576K
}
Event: 1.026 GC heap after
{Heap after GC invocations=5 (full 0):
 garbage-first heap   total 163840K, used 14623K [0x0000007001000000, 0x0000007601000000)
  region size 16384K, 1 young (16384K), 1 survivors (16384K)
 Metaspace       used 28089K, committed 28416K, reserved 1114112K
  class space    used 3452K, committed 3584K, reserved 1048576K
}
Event: 1.032 GC heap before
{Heap before GC invocations=5 (full 0):
 garbage-first heap   total 163840K, used 14623K [0x0000007001000000, 0x0000007601000000)
  region size 16384K, 2 young (32768K), 1 survivors (16384K)
 Metaspace       used 28386K, committed 28736K, reserved 1114112K
  class space    used 3492K, committed 3648K, reserved 1048576K
}
Event: 1.034 GC heap after
{Heap after GC invocations=6 (full 0):
 garbage-first heap   total 163840K, used 14790K [0x0000007001000000, 0x0000007601000000)
  region size 16384K, 1 young (16384K), 1 survivors (16384K)
 Metaspace       used 28386K, committed 28736K, reserved 1114112K
  class space    used 3492K, committed 3648K, reserved 1048576K
}
Event: 1.331 GC heap before
{Heap before GC invocations=7 (full 0):
 garbage-first heap   total 163840K, used 96710K [0x0000007001000000, 0x0000007601000000)
  region size 16384K, 6 young (98304K), 1 survivors (16384K)
 Metaspace       used 36116K, committed 36544K, reserved 1114112K
  class space    used 4664K, committed 4864K, reserved 1048576K
}
Event: 1.335 GC heap after
{Heap after GC invocations=8 (full 0):
 garbage-first heap   total 868352K, used 18671K [0x0000007001000000, 0x0000007601000000)
  region size 16384K, 1 young (16384K), 1 survivors (16384K)
 Metaspace       used 36116K, committed 36544K, reserved 1114112K
  class space    used 4664K, committed 4864K, reserved 1048576K
}

