# JRE version: OpenJDK Runtime Environment Homebrew (21.0.8) (build 21.0.8)
# Java VM: OpenJDK 64-Bit Server VM Homebrew (21.0.8, mixed mode, emulated-client, sharing, tiered, compressed oops, compressed class ptrs, g1 gc, bsd-aarch64)
GC Precious Log:
 CardTable entry size: 512
 Card Set container configuration: InlinePtr #cards 3 size 8 Array Of Cards #cards 128 size 272 Howl #buckets 8 coarsen threshold 29491 Howl Bitmap #cards 4096 size 528 coarsen threshold 3686 Card regions per heap region 1 cards per card region 32768
 CPUs: 28 total, 28 available
 Memory: 98304M
 Large Page Support: Disabled
 NUMA Support: Disabled
 Compressed Oops: Enabled (Non-zero disjoint base)
 Heap Region Size: 16M
 Heap Min Capacity: 16M
 Heap Initial Capacity: 1536M
 Heap Max Capacity: 24G
 Pre-touch: Disabled
 Parallel Workers: 20
 Concurrent Workers: 5
 Concurrent Refinement Workers: 20
 Periodic GC: Disabled
Heap:
 garbage-first heap   total 868352K, used 35046K [0x0000007001000000, 0x0000007601000000)
  region size 16384K, 3 young (49152K), 1 survivors (16384K)
 Metaspace       used 37969K, committed 38464K, reserved 1114112K
  class space    used 4899K, committed 5120K, reserved 1048576K
GC Heap History (12 events):
Event: 0.719 GC heap before
{Heap before GC invocations=0 (full 0):
 garbage-first heap   total 1589248K, used 50208K [0x0000007001000000, 0x0000007601000000)
  region size 16384K, 4 young (65536K), 0 survivors (0K)
 Metaspace       used 14358K, committed 14656K, reserved 1114112K
  class space    used 1684K, committed 1792K, reserved 1048576K
}
Event: 0.722 GC heap after
{Heap after GC invocations=1 (full 0):
 garbage-first heap   total 1589248K, used 10356K [0x0000007001000000, 0x0000007601000000)
  region size 16384K, 1 young (16384K), 1 survivors (16384K)
 Metaspace       used 14358K, committed 14656K, reserved 1114112K
  class space    used 1684K, committed 1792K, reserved 1048576K
}
Event: 0.811 GC heap before
{Heap before GC invocations=1 (full 0):
 garbage-first heap   total 1589248K, used 10356K [0x0000007001000000, 0x0000007601000000)
  region size 16384K, 2 young (32768K), 1 survivors (16384K)
 Metaspace       used 16374K, committed 16768K, reserved 1114112K
  class space    used 2048K, committed 2240K, reserved 1048576K
}
Event: 0.814 GC heap after
{Heap after GC invocations=2 (full 0):
 garbage-first heap   total 1589248K, used 11502K [0x0000007001000000, 0x0000007601000000)
  region size 16384K, 1 young (16384K), 1 survivors (16384K)
 Metaspace       used 16374K, committed 16768K, reserved 1114112K
  class space    used 2048K, committed 2240K, reserved 1048576K
}
Event: 0.991 GC heap before
{Heap before GC invocations=3 (full 0):
 garbage-first heap   total 163840K, used 60654K [0x0000007001000000, 0x0000007601000000)
  region size 16384K, 5 young (81920K), 1 survivors (16384K)
 Metaspace       used 27727K, committed 28096K, reserved 1114112K
  class space    used 3410K, committed 3584K, reserved 1048576K
}
Event: 0.993 GC heap after
{Heap after GC invocations=4 (full 0):
 garbage-first heap   total 163840K, used 14371K [0x0000007001000000, 0x0000007601000000)
  region size 16384K, 1 young (16384K), 1 survivors (16384K)
 Metaspace       used 27727K, committed 28096K, reserved 1114112K
  class space    used 3410K, committed 3584K, reserved 1048576K
}
Event: 1.000 GC heap before
{Heap before GC invocations=4 (full 0):
 garbage-first heap   total 163840K, used 14371K [0x0000007001000000, 0x0000007601000000)
  region size 16384K, 2 young (32768K), 1 survivors (16384K)
 Metaspace       used 28055K, committed 28416K, reserved 1114112K
  class space    used 3450K, committed 3584K, reserved 1048576K
}
Event: 1.002 GC heap after
{Heap after GC invocations=5 (full 0):
 garbage-first heap   total 163840K, used 14450K [0x0000007001000000, 0x0000007601000000)
  region size 16384K, 1 young (16384K), 1 survivors (16384K)
 Metaspace       used 28055K, committed 28416K, reserved 1114112K
  class space    used 3450K, committed 3584K, reserved 1048576K
}
Event: 1.009 GC heap before
{Heap before GC invocations=5 (full 0):
 garbage-first heap   total 163840K, used 14450K [0x0000007001000000, 0x0000007601000000)
  region size 16384K, 2 young (32768K), 1 survivors (16384K)
 Metaspace       used 28389K, committed 28736K, reserved 1114112K
  class space    used 3495K, committed 3648K, reserved 1048576K
}
Event: 1.010 GC heap after
{Heap after GC invocations=6 (full 0):
 garbage-first heap   total 163840K, used 14640K [0x0000007001000000, 0x0000007601000000)
  region size 16384K, 1 young (16384K), 1 survivors (16384K)
 Metaspace       used 28389K, committed 28736K, reserved 1114112K
  class space    used 3495K, committed 3648K, reserved 1048576K
}
Event: 1.317 GC heap before
{Heap before GC invocations=7 (full 0):
 garbage-first heap   total 163840K, used 96560K [0x0000007001000000, 0x0000007601000000)
  region size 16384K, 6 young (98304K), 1 survivors (16384K)
 Metaspace       used 35760K, committed 36224K, reserved 1114112K
  class space    used 4597K, committed 4800K, reserved 1048576K
}
Event: 1.320 GC heap after
{Heap after GC invocations=8 (full 0):
 garbage-first heap   total 868352K, used 18662K [0x0000007001000000, 0x0000007601000000)
  region size 16384K, 1 young (16384K), 1 survivors (16384K)
 Metaspace       used 35760K, committed 36224K, reserved 1114112K
  class space    used 4597K, committed 4800K, reserved 1048576K
}

